Determining if the pthread_create exist failed with the following output:
Change Dir: /home/nullspace/workspace/Graph/build/CMakeFiles/CMakeTmp

Run Build Command:"/home/nullspace/anaconda3/bin/ninja" "cmTC_5ddeb"
[1/2] Building C object CMakeFiles/cmTC_5ddeb.dir/CheckSymbolExists.c.o
[2/2] Linking C executable cmTC_5ddeb
FAILED: cmTC_5ddeb 
: && /usr/bin/clang-9    CMakeFiles/cmTC_5ddeb.dir/CheckSymbolExists.c.o  -o cmTC_5ddeb   && :
CMakeFiles/cmTC_5ddeb.dir/CheckSymbolExists.c.o: In function `main':
CheckSymbolExists.c:(.text+0x19): undefined reference to `pthread_create'
clang: error: linker command failed with exit code 1 (use -v to see invocation)
ninja: build stopped: subcommand failed.

File /home/nullspace/workspace/Graph/build/CMakeFiles/CMakeTmp/CheckSymbolExists.c:
/* */
#include <pthread.h>

int main(int argc, char** argv)
{
  (void)argv;
#ifndef pthread_create
  return ((int*)(&pthread_create))[argc];
#else
  (void)argc;
  return 0;
#endif
}

Determining if the function pthread_create exists in the pthreads failed with the following output:
Change Dir: /home/nullspace/workspace/Graph/build/CMakeFiles/CMakeTmp

Run Build Command:"/home/nullspace/anaconda3/bin/ninja" "cmTC_1fadb"
[1/2] Building C object CMakeFiles/cmTC_1fadb.dir/CheckFunctionExists.c.o
[2/2] Linking C executable cmTC_1fadb
FAILED: cmTC_1fadb 
: && /usr/bin/clang-9 -DCHECK_FUNCTION_EXISTS=pthread_create   CMakeFiles/cmTC_1fadb.dir/CheckFunctionExists.c.o  -o cmTC_1fadb  -lpthreads && :
/usr/bin/ld: cannot find -lpthreads
clang: error: linker command failed with exit code 1 (use -v to see invocation)
ninja: build stopped: subcommand failed.


